<?xml version="1.0" encoding="utf-8"?><testsuites><testsuite name="pytest" errors="0" failures="0" skipped="7" tests="44" time="2.493" timestamp="2024-03-06T23:24:11.191383" hostname="void"><testcase classname="tests.test_exchange_rates" name="test_get_specific_rate" time="0.067" /><testcase classname="tests.test_exchange_rates" name="test_get_v1_exchangerate_asset_id_base" time="0.053" /><testcase classname="tests.test_exchange_rates" name="test_get_v1_exchangerate_history_periods" time="0.026" /><testcase classname="tests.test_exchange_rates" name="test_get_v1_exchangerate_asset_id_base_asset_id_quote_history" time="0.029" /><testcase classname="tests.test_indexes" name="test_get_v1_indexes" time="0.054" /><testcase classname="tests.test_indexes" name="test_post_v1_indexes" time="0.001"><skipped type="pytest.skip" message="Alpha release..">/home/ljnsn/src/coinapi-rest/tests/test_indexes.py:20: Alpha release..</skipped></testcase><testcase classname="tests.test_indexes" name="test_get_v1_indexes_index_id" time="0.025" /><testcase classname="tests.test_indexes" name="test_put_v1_indexes" time="0.000"><skipped type="pytest.skip" message="Alpha release..">/home/ljnsn/src/coinapi-rest/tests/test_indexes.py:42: Alpha release..</skipped></testcase><testcase classname="tests.test_indexes" name="test_get_v1_indexes_history" time="0.126" /><testcase classname="tests.test_indexes" name="test_get_v1_indexes_index_id_timeseries" time="0.001"><skipped type="pytest.skip" message="Alpha release..">/home/ljnsn/src/coinapi-rest/tests/test_indexes.py:77: Alpha release..</skipped></testcase><testcase classname="tests.test_metadata" name="test_get_v1_assets" time="0.052" /><testcase classname="tests.test_metadata" name="test_get_v1_asset_id" time="0.027" /><testcase classname="tests.test_metadata" name="test_get_v1_assets_icons" time="0.350" /><testcase classname="tests.test_metadata" name="test_get_v1_exchanges" time="0.048" /><testcase classname="tests.test_metadata" name="test_get_v1_exchange_id" time="0.027" /><testcase classname="tests.test_metadata" name="test_get_v1_exchange_icons" time="0.203" /><testcase classname="tests.test_metadata" name="test_get_v1_metadata" time="0.001"><skipped type="pytest.skip" message="Returns an error">/home/ljnsn/src/coinapi-rest/tests/test_metadata.py:63: Returns an error</skipped></testcase><testcase classname="tests.test_metadata" name="test_get_v1_symbols" time="0.064" /><testcase classname="tests.test_metadata" name="test_get_v1_symbols_map" time="0.046" /><testcase classname="tests.test_metadata" name="test_get_v1_symbols_exchange_id" time="0.090" /><testcase classname="tests.test_metrics" name="test_get_v1_metrics" time="0.046" /><testcase classname="tests.test_metrics" name="test_get_v1_metrics_exchange" time="0.029" /><testcase classname="tests.test_metrics" name="test_get_v1_metrics_exchange_current" time="0.001"><skipped type="pytest.skip" message="Returns 500">/home/ljnsn/src/coinapi-rest/tests/test_metrics.py:30: Returns 500</skipped></testcase><testcase classname="tests.test_metrics" name="test_get_v1_metrics_exchange_history" time="0.000"><skipped type="pytest.skip" message="What's a valid metric for an exchange?">/home/ljnsn/src/coinapi-rest/tests/test_metrics.py:47: What's a valid metric for an exchange?</skipped></testcase><testcase classname="tests.test_metrics" name="test_get_v1_metrics_symbol_listing" time="0.028" /><testcase classname="tests.test_metrics" name="test_get_v1_metrics_asset_listing" time="0.030" /><testcase classname="tests.test_ohlcv" name="test_get_v1_ohlcv_periods" time="0.041" /><testcase classname="tests.test_ohlcv" name="test_get_v1_ohlcv_symbol_id_history" time="0.031" /><testcase classname="tests.test_ohlcv" name="test_get_v1_ohlcv_exchanges_exchange_id_history" time="0.036" /><testcase classname="tests.test_ohlcv" name="test_get_v1_ohlcv_symbol_id_latest" time="0.031" /><testcase classname="tests.test_order_book" name="test_get_v1_orderbooks_symbol_id_depth_current" time="0.000"><skipped type="pytest.skip" message="Can't find a symbol that has order book data..">/home/ljnsn/src/coinapi-rest/tests/test_order_book.py:10: Can't find a symbol that has order book data..</skipped></testcase><testcase classname="tests.test_order_book" name="test_get_v1_orderbooks_symbol_id_history" time="0.047" /><testcase classname="tests.test_order_book" name="test_get_v1_orderbooks_symbol_id_current" time="0.035" /><testcase classname="tests.test_order_book" name="test_get_v1_orderbooks_symbol_id_latest" time="0.028" /><testcase classname="tests.test_order_booky_l3" name="test_get_v1_orderbooks3_current" time="0.041" /><testcase classname="tests.test_order_booky_l3" name="test_get_v1_orderbooks3_symbol_id_current" time="0.027" /><testcase classname="tests.test_quotes" name="test_get_v1_quotes_symbol_id_history" time="0.042" /><testcase classname="tests.test_quotes" name="test_get_v1_quotes_current" time="0.027" /><testcase classname="tests.test_quotes" name="test_get_v1_quotes_symbol_id_current" time="0.024" /><testcase classname="tests.test_quotes" name="test_get_v1_quotes_latest" time="0.027" /><testcase classname="tests.test_quotes" name="test_get_v1_quotes_symbol_id_latest" time="0.027" /><testcase classname="tests.test_trades" name="test_get_v1_trades_symbol_id_history" time="0.050" /><testcase classname="tests.test_trades" name="test_get_v1_trades_symbol_id_latest" time="0.027" /><testcase classname="tests.test_trades" name="test_get_v1_trades_latest" time="0.037" /></testsuite></testsuites>