<?xml version="1.0" encoding="utf-8"?><testsuites><testsuite name="pytest" errors="0" failures="0" skipped="0" tests="60" time="31.684" timestamp="2023-04-13T19:52:20.180552" hostname="juanpc-Latitude-E7450"><testcase classname="tests.test_indoorenv.TestIndoorEnv" name="test_size" time="0.002" /><testcase classname="tests.test_indoorenv.TestIndoorEnv" name="test_no_reflections" time="0.002" /><testcase classname="tests.test_indoorenv.TestIndoorEnv" name="test_resolution" time="0.003" /><testcase classname="tests.test_indoorenv.TestIndoorEnv" name="test_ceiling" time="0.002" /><testcase classname="tests.test_indoorenv.TestIndoorEnv" name="test_west" time="0.005" /><testcase classname="tests.test_indoorenv.TestIndoorEnv" name="test_north" time="0.003" /><testcase classname="tests.test_indoorenv.TestIndoorEnv" name="test_east" time="0.002" /><testcase classname="tests.test_indoorenv.TestIndoorEnv" name="test_south" time="0.002" /><testcase classname="tests.test_indoorenv.TestIndoorEnv" name="test_floor" time="0.005" /><testcase classname="tests.test_indoorenv.TestIndoorEnv" name="test_parameters" time="0.029" /><testcase classname="tests.test_indoorenv.TestIndoorEnv" name="test_size_error" time="0.005" /><testcase classname="tests.test_indoorenv.TestIndoorEnv" name="test_no_reflections_error" time="0.003" /><testcase classname="tests.test_indoorenv.TestIndoorEnv" name="test_resolution_error" time="0.004" /><testcase classname="tests.test_photodetector.TestPhotodetector" name="test_position" time="0.003" /><testcase classname="tests.test_photodetector.TestPhotodetector" name="test_normal" time="0.002" /><testcase classname="tests.test_photodetector.TestPhotodetector" name="test_area" time="0.004" /><testcase classname="tests.test_photodetector.TestPhotodetector" name="test_fov" time="0.006" /><testcase classname="tests.test_photodetector.TestPhotodetector" name="test_sensor" time="0.003" /><testcase classname="tests.test_photodetector.TestPhotodetector" name="test_idark" time="0.004" /><testcase classname="tests.test_photodetector.TestPhotodetector" name="test_position_error" time="0.003" /><testcase classname="tests.test_photodetector.TestPhotodetector" name="test_normal_error" time="0.005" /><testcase classname="tests.test_photodetector.TestPhotodetector" name="test_fov_error" time="0.004" /><testcase classname="tests.test_photodetector.TestPhotodetector" name="test_sensor_error" time="0.004" /><testcase classname="tests.test_photodetector.TestPhotodetector" name="test_idark_error" time="0.043" /><testcase classname="tests.test_recursivemodel.TestRM" name="test_attributes" time="0.002" /><testcase classname="tests.test_recursivemodel.TestRM" name="test_led_error" time="0.003" /><testcase classname="tests.test_recursivemodel.TestRM" name="test_pd_error" time="0.003" /><testcase classname="tests.test_recursivemodel.TestRM" name="test_ie_error" time="0.007" /><testcase classname="tests.test_recursivemodel.TestRM" name="test_dcgain_validation" time="0.001" /><testcase classname="tests.test_recursivemodel.TestRM" name="test_crosstalk_matrix" time="0.004" /><testcase classname="tests.test_recursivemodel.TestRM" name="test_illuminance" time="0.002" /><testcase classname="tests.test_recursivemodel.TestRM" name="test_cie_xyz" time="0.003" /><testcase classname="tests.test_recursivemodel.TestRM" name="test_cri" time="0.003" /><testcase classname="tests.test_ser.TestSER" name="test_attributes" time="0.002" /><testcase classname="tests.test_ser.TestSER" name="test_ser_validation" time="0.011" /><testcase classname="tests.test_ser.TestSER" name="test_rm_error" time="0.004" /><testcase classname="tests.test_ser.TestSER" name="test_no_symbols_error" time="0.005" /><testcase classname="tests.test_ser.TestSER" name="test_min_flux_error" time="0.003" /><testcase classname="tests.test_ser.TestSER" name="test_max_flux_error" time="0.004" /><testcase classname="tests.test_ser.TestSER" name="test_points_flux_error" time="0.003" /><testcase classname="tests.test_ser.TestSER" name="test_min_snr_error" time="0.002" /><testcase classname="tests.test_ser.TestSER" name="test_max_snr_error" time="0.002" /><testcase classname="tests.test_ser.TestSER" name="test_points_snr_error" time="0.003" /><testcase classname="tests.test_transmitter.TestTransmitter" name="test_position" time="0.004" /><testcase classname="tests.test_transmitter.TestTransmitter" name="test_normal" time="0.004" /><testcase classname="tests.test_transmitter.TestTransmitter" name="test_mlambert" time="0.004" /><testcase classname="tests.test_transmitter.TestTransmitter" name="test_wavelengths" time="0.003" /><testcase classname="tests.test_transmitter.TestTransmitter" name="test_fwhm" time="0.004" /><testcase classname="tests.test_transmitter.TestTransmitter" name="test_modulation" time="0.002" /><testcase classname="tests.test_transmitter.TestTransmitter" name="test_luminous_flux" time="0.003" /><testcase classname="tests.test_transmitter.TestTransmitter" name="test_iler" time="0.002" /><testcase classname="tests.test_transmitter.TestTransmitter" name="test_avg_power" time="0.003" /><testcase classname="tests.test_transmitter.TestTransmitter" name="test_led_spd" time="0.002" /><testcase classname="tests.test_transmitter.TestTransmitter" name="test_position_error" time="0.003" /><testcase classname="tests.test_transmitter.TestTransmitter" name="test_normal_error" time="0.002" /><testcase classname="tests.test_transmitter.TestTransmitter" name="test_mlambert_error" time="0.002" /><testcase classname="tests.test_transmitter.TestTransmitter" name="test_wavelengths_error" time="0.002" /><testcase classname="tests.test_transmitter.TestTransmitter" name="test_fwhm_error" time="0.002" /><testcase classname="tests.test_transmitter.TestTransmitter" name="test_modulation_error" time="0.003" /><testcase classname="tests.test_transmitter.TestTransmitter" name="test_luminous_flux_error" time="0.003" /></testsuite></testsuites>